Arguments: 
  /usr/local/Cellar/node/13.8.0/bin/node /usr/local/Cellar/yarn/1.22.0/libexec/bin/yarn.js cache

PATH: 
  /usr/local/bin:/usr/bin:/bin:/usr/sbin:/sbin:/Users/aaronmoore/dev/go/bin:/usr/local/opt/go/libexec/bin:/Users/aaronmoore/dev/go/bin:/usr/local/opt/go/libexec/bin

Yarn version: 
  1.22.0

Node version: 
  13.9.0

Platform: 
  darwin x64

Trace: 
  SyntaxError: /Users/aaronmoore/dev/go/src/github.com/someDevDude/todo-server/package.json: Unexpected end of JSON input
      at JSON.parse (<anonymous>)
      at /usr/local/Cellar/yarn/1.22.0/libexec/lib/cli.js:1625:59
      at Generator.next (<anonymous>)
      at step (/usr/local/Cellar/yarn/1.22.0/libexec/lib/cli.js:310:30)
      at /usr/local/Cellar/yarn/1.22.0/libexec/lib/cli.js:321:13

npm manifest: 
  

yarn manifest: 
  No manifest

Lockfile: 
  No lockfile
